[debug] [2021-05-09T07:45:59.611Z] ----------------------------------------------------------------------
[debug] [2021-05-09T07:45:59.612Z] Command:       /Users/seokyung/.nvm/versions/node/v12.20.0/bin/node /Users/seokyung/.nvm/versions/node/v12.20.0/bin/firebase emulators:start
[debug] [2021-05-09T07:45:59.613Z] CLI Version:   9.10.2
[debug] [2021-05-09T07:45:59.613Z] Platform:      darwin
[debug] [2021-05-09T07:45:59.613Z] Node Version:  v12.20.0
[debug] [2021-05-09T07:45:59.614Z] Time:          Sun May 09 2021 16:45:59 GMT+0900 (GMT+09:00)
[debug] [2021-05-09T07:45:59.614Z] ----------------------------------------------------------------------
[debug] 
[debug] [2021-05-09T07:45:59.623Z] > command requires scopes: ["email","openid","https://www.googleapis.com/auth/cloudplatformprojects.readonly","https://www.googleapis.com/auth/firebase","https://www.googleapis.com/auth/cloud-platform"]
[debug] [2021-05-09T07:45:59.623Z] > authorizing via signed-in user (tjrud1438@gmail.com)
[info] i  emulators: Starting emulators: auth, firestore, hosting {"metadata":{"emulator":{"name":"hub"},"message":"Starting emulators: auth, firestore, hosting"}}
[debug] [2021-05-09T07:45:59.646Z] [hub] writing locator at /var/folders/hv/vvz7g_cx265f2lm5zfn4k50w0000gn/T/hub-mini-notion-f9991.json
[debug] [2021-05-09T07:45:59.692Z] Ignoring unsupported arg: projectId {"metadata":{"emulator":{"name":"firestore"},"message":"Ignoring unsupported arg: projectId"}}
[debug] [2021-05-09T07:45:59.692Z] Ignoring unsupported arg: auto_download {"metadata":{"emulator":{"name":"firestore"},"message":"Ignoring unsupported arg: auto_download"}}
[debug] [2021-05-09T07:45:59.692Z] Starting Firestore Emulator with command {"binary":"java","args":["-Dgoogle.cloud_firestore.debug_log_level=FINE","-Duser.language=en","-jar","/Users/seokyung/.cache/firebase/emulators/cloud-firestore-emulator-v1.11.15.jar","--host","localhost","--port",8080,"--rules","/Users/seokyung/Documents/collaborative_editor/firestore.rules"],"optionalArgs":["port","webchannel_port","host","rules","functions_emulator","seed_from_export"],"joinArgs":false} {"metadata":{"emulator":{"name":"firestore"},"message":"Starting Firestore Emulator with command {\"binary\":\"java\",\"args\":[\"-Dgoogle.cloud_firestore.debug_log_level=FINE\",\"-Duser.language=en\",\"-jar\",\"/Users/seokyung/.cache/firebase/emulators/cloud-firestore-emulator-v1.11.15.jar\",\"--host\",\"localhost\",\"--port\",8080,\"--rules\",\"/Users/seokyung/Documents/collaborative_editor/firestore.rules\"],\"optionalArgs\":[\"port\",\"webchannel_port\",\"host\",\"rules\",\"functions_emulator\",\"seed_from_export\"],\"joinArgs\":false}"}}
[info] i  firestore: Firestore Emulator logging to firestore-debug.log {"metadata":{"emulator":{"name":"firestore"},"message":"Firestore Emulator logging to \u001b[1mfirestore-debug.log\u001b[22m"}}
[debug] [2021-05-09T07:46:01.672Z] May 09, 2021 4:46:01 PM com.google.cloud.datastore.emulator.firestore.websocket.WebSocketServer start
INFO: Started WebSocket server on ws://localhost:64277
 {"metadata":{"emulator":{"name":"firestore"},"message":"May 09, 2021 4:46:01 PM com.google.cloud.datastore.emulator.firestore.websocket.WebSocketServer start\nINFO: Started WebSocket server on ws://localhost:64277\n"}}
[debug] [2021-05-09T07:46:01.743Z] API endpoint: http:// {"metadata":{"emulator":{"name":"firestore"},"message":"API endpoint: http://"}}
[debug] [2021-05-09T07:46:01.744Z] localhost:8080
If you are using a library that supports the FIRESTORE_EMULATOR_HOST environment variable, run:

   export FIRESTORE_EMULATOR_HOST=localhost:8080

Dev App Server is now running.

 {"metadata":{"emulator":{"name":"firestore"},"message":"localhost:8080\nIf you are using a library that supports the FIRESTORE_EMULATOR_HOST environment variable, run:\n\n   export FIRESTORE_EMULATOR_HOST=localhost:8080\n\nDev App Server is now running.\n\n"}}
[debug] [2021-05-09T07:46:03.506Z] > refreshing access token with scopes: []
[debug] [2021-05-09T07:46:03.507Z] >>> HTTP REQUEST POST https://www.googleapis.com/oauth2/v3/token  
 <request body omitted>
[debug] [2021-05-09T07:46:04.060Z] <<< HTTP RESPONSE 200 {"cache-control":"no-cache, no-store, max-age=0, must-revalidate","date":"Sun, 09 May 2021 07:46:04 GMT","expires":"Mon, 01 Jan 1990 00:00:00 GMT","pragma":"no-cache","content-type":"application/json; charset=utf-8","vary":"X-Origin, Referer, Origin,Accept-Encoding","server":"scaffolding on HTTPServer2","x-xss-protection":"0","x-frame-options":"SAMEORIGIN","x-content-type-options":"nosniff","alt-svc":"h3-29=\":443\"; ma=2592000,h3-T051=\":443\"; ma=2592000,h3-Q050=\":443\"; ma=2592000,h3-Q046=\":443\"; ma=2592000,h3-Q043=\":443\"; ma=2592000,quic=\":443\"; ma=2592000; v=\"46,43\"","accept-ranges":"none","transfer-encoding":"chunked"}
[debug] [2021-05-09T07:46:04.111Z] >>> [apiv2][query] GET https://firebasehosting.googleapis.com/v1beta1/projects/mini-notion-f9991/sites 
[debug] [2021-05-09T07:46:05.243Z] <<< [apiv2][status] GET https://firebasehosting.googleapis.com/v1beta1/projects/mini-notion-f9991/sites 200
[debug] [2021-05-09T07:46:05.243Z] <<< [apiv2][body] GET https://firebasehosting.googleapis.com/v1beta1/projects/mini-notion-f9991/sites {"sites":[{"name":"projects/42441141197/sites/mini-notion-f9991","defaultUrl":"https://mini-notion-f9991.web.app","appId":"1:42441141197:web:8bd3637254c80402bd7284","type":"DEFAULT_SITE"}]}
[debug] [2021-05-09T07:46:05.244Z] >>> [apiv2][query] GET https://firebase.googleapis.com/v1beta1/projects/mini-notion-f9991/webApps/1:42441141197:web:8bd3637254c80402bd7284/config [none]
[debug] [2021-05-09T07:46:06.876Z] <<< [apiv2][status] GET https://firebase.googleapis.com/v1beta1/projects/mini-notion-f9991/webApps/1:42441141197:web:8bd3637254c80402bd7284/config 200
[debug] [2021-05-09T07:46:06.876Z] <<< [apiv2][body] GET https://firebase.googleapis.com/v1beta1/projects/mini-notion-f9991/webApps/1:42441141197:web:8bd3637254c80402bd7284/config {"projectId":"mini-notion-f9991","appId":"1:42441141197:web:8bd3637254c80402bd7284","storageBucket":"mini-notion-f9991.appspot.com","locationId":"asia-northeast3","apiKey":"AIzaSyCxEEuwCuB6BOHf8UVOcEQNJb08y6M6Pc0","authDomain":"mini-notion-f9991.firebaseapp.com","messagingSenderId":"42441141197","measurementId":"G-HZG735KPYJ"}
[info] i  hosting: Serving hosting files from: public {"metadata":{"emulator":{"name":"hosting"},"message":"Serving hosting files from: \u001b[1mpublic\u001b[22m"}}
[info] ✔  hosting: Local server: http://localhost:5000 {"metadata":{"emulator":{"name":"hosting"},"message":"Local server: \u001b[4m\u001b[1mhttp://localhost:5000\u001b[22m\u001b[24m"}}
[debug] [2021-05-09T07:46:07.036Z] Ignoring unsupported arg: auto_download {"metadata":{"emulator":{"name":"ui"},"message":"Ignoring unsupported arg: auto_download"}}
[debug] [2021-05-09T07:46:07.037Z] Ignoring unsupported arg: port {"metadata":{"emulator":{"name":"ui"},"message":"Ignoring unsupported arg: port"}}
[debug] [2021-05-09T07:46:07.037Z] Starting Emulator UI with command {"binary":"node","args":["/Users/seokyung/.cache/firebase/emulators/ui-v1.4.2/server.bundle.js"],"optionalArgs":[],"joinArgs":false} {"metadata":{"emulator":{"name":"ui"},"message":"Starting Emulator UI with command {\"binary\":\"node\",\"args\":[\"/Users/seokyung/.cache/firebase/emulators/ui-v1.4.2/server.bundle.js\"],\"optionalArgs\":[],\"joinArgs\":false}"}}
[info] i  ui: Emulator UI logging to ui-debug.log {"metadata":{"emulator":{"name":"ui"},"message":"Emulator UI logging to \u001b[1mui-debug.log\u001b[22m"}}
[debug] [2021-05-09T07:46:07.145Z] Web / API server started at http://localhost:7000
 {"metadata":{"emulator":{"name":"ui"},"message":"Web / API server started at http://localhost:7000\n"}}
[info] 
┌─────────────────────────────────────────────────────────────┐
│ ✔  All emulators ready! It is now safe to connect your app. │
│ i  View Emulator UI at http://localhost:7000                │
└─────────────────────────────────────────────────────────────┘

┌────────────────┬────────────────┬─────────────────────────────────┐
│ Emulator       │ Host:Port      │ View in Emulator UI             │
├────────────────┼────────────────┼─────────────────────────────────┤
│ Authentication │ localhost:9099 │ http://localhost:7000/auth      │
├────────────────┼────────────────┼─────────────────────────────────┤
│ Firestore      │ localhost:8080 │ http://localhost:7000/firestore │
├────────────────┼────────────────┼─────────────────────────────────┤
│ Hosting        │ localhost:5000 │ n/a                             │
└────────────────┴────────────────┴─────────────────────────────────┘
  Emulator Hub running at localhost:4400
  Other reserved ports: 4500

Issues? Report them at https://github.com/firebase/firebase-tools/issues and attach the *-debug.log files.
 
[debug] [2021-05-09T07:46:21.709Z] May 09, 2021 4:46:21 PM io.gapi.emulators.netty.HttpVersionRoutingHandler channelRead
INFO: Detected non-HTTP/2 connection.
 {"metadata":{"emulator":{"name":"firestore"},"message":"May 09, 2021 4:46:21 PM io.gapi.emulators.netty.HttpVersionRoutingHandler channelRead\nINFO: Detected non-HTTP/2 connection.\n"}}
[debug] [2021-05-09T07:46:21.839Z] May 09, 2021 4:46:21 PM io.gapi.emulators.netty.NotFoundHandler handleRequest
INFO: Unknown request URI: /favicon.ico
 {"metadata":{"emulator":{"name":"firestore"},"message":"May 09, 2021 4:46:21 PM io.gapi.emulators.netty.NotFoundHandler handleRequest\nINFO: Unknown request URI: /favicon.ico\n"}}
[debug] [2021-05-09T07:46:25.600Z] May 09, 2021 4:46:25 PM io.gapi.emulators.netty.HttpVersionRoutingHandler channelRead
INFO: Detected HTTP/2 connection.
 {"metadata":{"emulator":{"name":"firestore"},"message":"May 09, 2021 4:46:25 PM io.gapi.emulators.netty.HttpVersionRoutingHandler channelRead\nINFO: Detected HTTP/2 connection.\n"}}
